Using pre-set license
Built from '6000.0/staging' branch; Version is '6000.0.31f1 (a206c360e2a8) revision 10618563'; Using compiler version '193933523'; Build Type 'Release'
OS: 'Windows 11  (10.0.22631) 64bit Core' Language: 'fr' Physical Memory: 16167 MB
BatchMode: 1, IsHumanControllingUs: 0, StartBugReporterOnCrash: 0, Is64bit: 1, IsPro: 1

COMMAND LINE ARGUMENTS:
D:\Users\elise\AppData\Roaming\6000.0.31f1\Editor\Unity.exe
-adb2
-batchMode
-noUpm
-name
AssetImportWorker1
-projectPath
D:/Users/elise/AppData/Roaming/ChambouleTout
-logFile
Logs/AssetImportWorker1.log
-srvPort
53352
-job-worker-count
3
-background-job-worker-count
8
-gc-helper-count
1
Successfully changed project path to: D:/Users/elise/AppData/Roaming/ChambouleTout
D:/Users/elise/AppData/Roaming/ChambouleTout
[UnityMemory] Configuration Parameters - Can be set up in boot.config
    "memorysetup-bucket-allocator-granularity=16"
    "memorysetup-bucket-allocator-bucket-count=8"
    "memorysetup-bucket-allocator-block-size=33554432"
    "memorysetup-bucket-allocator-block-count=8"
    "memorysetup-main-allocator-block-size=16777216"
    "memorysetup-thread-allocator-block-size=16777216"
    "memorysetup-gfx-main-allocator-block-size=16777216"
    "memorysetup-gfx-thread-allocator-block-size=16777216"
    "memorysetup-cache-allocator-block-size=4194304"
    "memorysetup-typetree-allocator-block-size=2097152"
    "memorysetup-profiler-bucket-allocator-granularity=16"
    "memorysetup-profiler-bucket-allocator-bucket-count=8"
    "memorysetup-profiler-bucket-allocator-block-size=33554432"
    "memorysetup-profiler-bucket-allocator-block-count=8"
    "memorysetup-profiler-allocator-block-size=16777216"
    "memorysetup-profiler-editor-allocator-block-size=1048576"
    "memorysetup-temp-allocator-size-main=16777216"
    "memorysetup-job-temp-allocator-block-size=2097152"
    "memorysetup-job-temp-allocator-block-size-background=1048576"
    "memorysetup-job-temp-allocator-reduction-small-platforms=262144"
    "memorysetup-allocator-temp-initial-block-size-main=262144"
    "memorysetup-allocator-temp-initial-block-size-worker=262144"
    "memorysetup-temp-allocator-size-background-worker=32768"
    "memorysetup-temp-allocator-size-job-worker=262144"
    "memorysetup-temp-allocator-size-preload-manager=33554432"
    "memorysetup-temp-allocator-size-nav-mesh-worker=65536"
    "memorysetup-temp-allocator-size-audio-worker=65536"
    "memorysetup-temp-allocator-size-cloud-worker=32768"
    "memorysetup-temp-allocator-size-gi-baking-worker=262144"
    "memorysetup-temp-allocator-size-gi-baking-worker=262144"
    "memorysetup-temp-allocator-size-gi-baking-worker=262144"
    "memorysetup-temp-allocator-size-gi-baking-worker=262144"
    "memorysetup-temp-allocator-size-gi-baking-worker=262144"
    "memorysetup-temp-allocator-size-gfx=262144"
Player connection [3716]  Target information:

Player connection [3716]  * "[IP] 10.49.32.186 [Port] 0 [Flags] 2 [Guid] 1350292851 [EditorId] 1350292851 [Version] 1048832 [Id] WindowsEditor(7,LAPTOP-BU8O94S8) [Debug] 1 [PackageName] WindowsEditor [ProjectName] Editor" 

Player connection [3716] Host joined multi-casting on [225.0.0.222:54997]...
Player connection [3716] Host joined alternative multi-casting on [225.0.0.222:34997]...
JobSystem: Creating JobQueue using job-worker-count value 3
[Physics::Module] Initialized fallback backend.
[Physics::Module] Id: 0xdecafbad
Library Redirect Path: Library/
[Physics::Module] Selected backend.
[Physics::Module] Name: PhysX
[Physics::Module] Id: 0xf2b8ea05
[Physics::Module] SDK Version: 4.1.2
[Physics::Module] Integration Version: 1.0.0
[Physics::Module] Threading Mode: Multi-Threaded
Refreshing native plugins compatible for Editor in 1.06 ms, found 3 plugins.
Preloading 0 native plugins for Editor in 0.00 ms.
Initialize engine version: 6000.0.31f1 (a206c360e2a8)
[Subsystems] Discovering subsystems at path D:/Users/elise/AppData/Roaming/6000.0.31f1/Editor/Data/Resources/UnitySubsystems
[Subsystems] Discovering subsystems at path D:/Users/elise/AppData/Roaming/ChambouleTout/Assets
GfxDevice: creating device client; kGfxThreadingModeNonThreaded
Direct3D:
    Version:  Direct3D 11.0 [level 11.1]
    Renderer: Intel(R) Iris(R) Xe Graphics (ID=0x9a49)
    Vendor:   Intel
    VRAM:     8083 MB
    Driver:   30.0.101.1003
Initialize mono
Mono path[0] = 'D:/Users/elise/AppData/Roaming/6000.0.31f1/Editor/Data/Managed'
Mono path[1] = 'D:/Users/elise/AppData/Roaming/6000.0.31f1/Editor/Data/MonoBleedingEdge/lib/mono/unityjit-win32'
Mono config path = 'D:/Users/elise/AppData/Roaming/6000.0.31f1/Editor/Data/MonoBleedingEdge/etc'
Using monoOptions --debugger-agent=transport=dt_socket,embedding=1,server=y,suspend=n,address=127.0.0.1:56256
Begin MonoManager ReloadAssembly
Registering precompiled unity dll's ...
Register platform support module: D:/Users/elise/AppData/Roaming/6000.0.31f1/Editor/Data/PlaybackEngines/WindowsStandaloneSupport/UnityEditor.WindowsStandalone.Extensions.dll
Register platform support module: D:/Users/elise/AppData/Roaming/6000.0.31f1/Editor/Data/PlaybackEngines/AndroidPlayer/UnityEditor.Android.Extensions.dll
Registered in 0.002996 seconds.
- Loaded All Assemblies, in  0.558 seconds
Native extension for Android target not found
Android Extension - Scanning For ADB Devices 860 ms
Native extension for WindowsStandalone target not found
Mono: successfully reloaded assembly
- Finished resetting the current domain, in  3.260 seconds
Domain Reload Profiling: 3817ms
	BeginReloadAssembly (183ms)
		ExecutionOrderSort (0ms)
		DisableScriptedObjects (0ms)
		BackupInstance (0ms)
		ReleaseScriptingObjects (0ms)
		CreateAndSetChildDomain (1ms)
	RebuildCommonClasses (69ms)
	RebuildNativeTypeToScriptingClass (30ms)
	initialDomainReloadingComplete (64ms)
	LoadAllAssembliesAndSetupDomain (210ms)
		LoadAssemblies (183ms)
		RebuildTransferFunctionScriptingTraits (0ms)
		AnalyzeDomain (205ms)
			TypeCache.Refresh (204ms)
				TypeCache.ScanAssembly (186ms)
			BuildScriptInfoCaches (0ms)
			ResolveRequiredComponents (1ms)
	FinalizeReload (3260ms)
		ReleaseScriptCaches (0ms)
		RebuildScriptCaches (0ms)
		SetupLoadedEditorAssemblies (3209ms)
			LogAssemblyErrors (0ms)
			InitializePlatformSupportModulesInManaged (981ms)
			SetLoadedEditorAssemblies (5ms)
			BeforeProcessingInitializeOnLoad (72ms)
			ProcessInitializeOnLoadAttributes (2071ms)
			ProcessInitializeOnLoadMethodAttributes (80ms)
			AfterProcessingInitializeOnLoad (0ms)
			EditorAssembliesLoaded (0ms)
		ExecutionOrderSort2 (0ms)
		AwakeInstancesAfterBackupRestoration (0ms)
========================================================================
Worker process is ready to serve import requests
Import Worker Mode flag is 0x00
Begin MonoManager ReloadAssembly
TypeRef ResolutionScope not yet handled (234) for .IMergeView in image D:\Users\elise\AppData\Roaming\ChambouleTout\Library\ScriptAssemblies\Unity.PlasticSCM.Editor.dll
Asset path could not be found for script compilation file '/Library/PackageCache/com.unity.collab-proxy/Editor/PlasticSCM/ApplicationDataPath.cs'
Asset path could not be found for script compilation file '/Library/PackageCache/com.unity.collab-proxy/Editor/PlasticSCM/AssetMenu/AssetFilesFilterPatternsMenuBuilder.cs'
Asset path could not be found for script compilation file '/Library/PackageCache/com.unity.collab-proxy/Editor/PlasticSCM/AssetMenu/AssetMenuItems.cs'
Asset path could not be found for script compilation file '/Library/PackageCache/com.unity.collab-proxy/Editor/PlasticSCM/AssetMenu/AssetMenuOperations.cs'
Asset path could not be found for script compilation file '/Library/PackageCache/com.unity.collab-proxy/Editor/PlasticSCM/AssetMenu/AssetOperations.cs'
Asset path could not be found for script compilation file '/Library/PackageCache/com.unity.collab-proxy/Editor/PlasticSCM/AssetMenu/AssetsSelection.cs'
Asset path could not be found for script compilation file '/Library/PackageCache/com.unity.collab-proxy/Editor/PlasticSCM/AssetMenu/Dialogs/CheckinDialog.cs'
Asset path could not be found for script compilation file '/Library/PackageCache/com.unity.collab-proxy/Editor/PlasticSCM/AssetMenu/Dialogs/CheckinDialogOperations.cs'
Asset path could not be found for script compilation file '/Library/PackageCache/com.unity.collab-proxy/Editor/PlasticSCM/AssetMenu/ProjectViewAssetSelection.cs'
Asset path could not be found for script compilation file '/Library/PackageCache/com.unity.collab-proxy/Editor/PlasticSCM/AssetOverlays/AssetStatus.cs'
Asset path could not be found for script compilation file '/Library/PackageCache/com.unity.collab-proxy/Editor/PlasticSCM/AssetOverlays/Cache/AssetStatusCache.cs'
Asset path could not be found for script compilation file '/Library/PackageCache/com.unity.collab-proxy/Editor/PlasticSCM/AssetOverlays/Cache/BuildPathDictionary.cs'
Asset path could not be found for script compilation file '/Library/PackageCache/com.unity.collab-proxy/Editor/PlasticSCM/AssetOverlays/Cache/LocalStatusCache.cs'
Asset path could not be found for script compilation file '/Library/PackageCache/com.unity.collab-proxy/Editor/PlasticSCM/AssetOverlays/Cache/LockStatusCache.cs'
Asset path could not be found for script compilation file '/Library/PackageCache/com.unity.collab-proxy/Editor/PlasticSCM/AssetOverlays/Cache/RemoteStatusCache.cs'
Asset path could not be found for script compilation file '/Library/PackageCache/com.unity.collab-proxy/Editor/PlasticSCM/AssetOverlays/DrawAssetOverlay.cs'
Asset path could not be found for script compilation file '/Library/PackageCache/com.unity.collab-proxy/Editor/PlasticSCM/AssetsUtils/AssetsPath.cs'
Asset path could not be found for script compilation file '/Library/PackageCache/com.unity.collab-proxy/Editor/PlasticSCM/AssetsUtils/GetSelectedPaths.cs'
Asset path could not be found for script compilation file '/Library/PackageCache/com.unity.collab-proxy/Editor/PlasticSCM/AssetsUtils/LoadAsset.cs'
Asset path could not be found for script compilation file '/Library/PackageCache/com.unity.collab-proxy/Editor/PlasticSCM/AssetsUtils/Processor/AssetModificationProcessor.cs'
Asset path could not be found for script compilation file '/Library/PackageCache/com.unity.collab-proxy/Editor/PlasticSCM/AssetsUtils/Processor/AssetPostprocessor.cs'
Asset path could not be found for script compilation file '/Library/PackageCache/com.unity.collab-proxy/Editor/PlasticSCM/AssetsUtils/Processor/AssetsProcessor.cs'
Asset path could not be found for script compilation file '/Library/PackageCache/com.unity.collab-proxy/Editor/PlasticSCM/AssetsUtils/Processor/PlasticAssetsProcessor.cs'
Asset path could not be found for script compilation file '/Library/PackageCache/com.unity.collab-proxy/Editor/PlasticSCM/AssetsUtils/Processor/WorkspaceOperationsMonitor.cs'
Asset path could not be found for script compilation file '/Library/PackageCache/com.unity.collab-proxy/Editor/PlasticSCM/AssetsUtils/ProjectPath.cs'
Asset path could not be found for script compilation file '/Library/PackageCache/com.unity.collab-proxy/Editor/PlasticSCM/AssetsUtils/RefreshAsset.cs'
Asset path could not be found for script compilation file '/Library/PackageCache/com.unity.collab-proxy/Editor/PlasticSCM/AssetsUtils/RepaintInspector.cs'
Asset path could not be found for script compilation file '/Library/PackageCache/com.unity.collab-proxy/Editor/PlasticSCM/AssetsUtils/SaveAssets.cs'
Asset path could not be found for script compilation file '/Library/PackageCache/com.unity.collab-proxy/Editor/PlasticSCM/AutoRefresh.cs'
Asset path could not be found for script compilation file '/Library/PackageCache/com.unity.collab-proxy/Editor/PlasticSCM/BuildGetEventExtraInfoFunction.cs'
Asset path could not be found for script compilation file '/Library/PackageCache/com.unity.collab-proxy/Editor/PlasticSCM/CheckWorkspaceTreeNodeStatus.cs'
Asset path could not be found for script compilation file '/Library/PackageCache/com.unity.collab-proxy/Editor/PlasticSCM/CollabMigration/CloudProjectId.cs'
Asset path could not be found for script compilation file '/Library/PackageCache/com.unity.collab-proxy/Editor/PlasticSCM/CollabMigration/MigrateCollabProject.cs'
Asset path could not be found for script compilation file '/Library/PackageCache/com.unity.collab-proxy/Editor/PlasticSCM/CollabMigration/MigrationDialog.cs'
Asset path could not be found for script compilation file '/Library/PackageCache/com.unity.collab-proxy/Editor/PlasticSCM/CollabMigration/MigrationProgressRender.cs'
Asset path could not be found for script compilation file '/Library/PackageCache/com.unity.collab-proxy/Editor/PlasticSCM/CollabPlugin.cs'
Asset path could not be found for script compilation file '/Library/PackageCache/com.unity.collab-proxy/Editor/PlasticSCM/Configuration/AutoConfig.cs'
Asset path could not be found for script compilation file '/Library/PackageCache/com.unity.collab-proxy/Editor/PlasticSCM/Configuration/ChannelCertificateUiImpl.cs'
Asset path could not be found for script compilation file '/Library/PackageCache/com.unity.collab-proxy/Editor/PlasticSCM/Configuration/CloudEdition/Welcome/AutoLogin.cs'
Asset path could not be found for script compilation file '/Library/PackageCache/com.unity.collab-proxy/Editor/PlasticSCM/Configuration/CloudEdition/Welcome/CloudEditionWelcomeWindow.cs'
Asset path could not be found for script compilation file '/Library/PackageCache/com.unity.collab-proxy/Editor/PlasticSCM/Configuration/CloudEdition/Welcome/OrganizationPanel.cs'
Asset path could not be found for script compilation file '/Library/PackageCache/com.unity.collab-proxy/Editor/PlasticSCM/Configuration/CloudEdition/Welcome/SignInPanel.cs'
Asset path could not be found for script compilation file '/Library/PackageCache/com.unity.collab-proxy/Editor/PlasticSCM/Configuration/CloudEdition/Welcome/SignInWithEmailPanel.cs'
Asset path could not be found for script compilation file '/Library/PackageCache/com.unity.collab-proxy/Editor/PlasticSCM/Configuration/CloudEdition/Welcome/WaitingSignInPanel.cs'
Asset path could not be found for script compilation file '/Library/PackageCache/com.unity.collab-proxy/Editor/PlasticSCM/Configuration/ConfigurePartialWorkspace.cs'
Asset path could not be found for script compilation file '/Library/PackageCache/com.unity.collab-proxy/Editor/PlasticSCM/Configuration/CredentialsDialog.cs'
Asset path could not be found for script compilation file '/Library/PackageCache/com.unity.collab-proxy/Editor/PlasticSCM/Configuration/CredentialsUIImpl.cs'
Asset path could not be found for script compilation file '/Library/PackageCache/com.unity.collab-proxy/Editor/PlasticSCM/Configuration/EncryptionConfigurationDialog.cs'
Asset path could not be found for script compilation file '/Library/PackageCache/com.unity.collab-proxy/Editor/PlasticSCM/Configuration/MissingEncryptionPasswordPromptHandler.cs'
Asset path could not be found for script compilation file '/Library/PackageCache/com.unity.collab-proxy/Editor/PlasticSCM/Configuration/SSOCredentialsDialog.cs'
Asset path could not be found for script compilation file '/Library/PackageCache/com.unity.collab-proxy/Editor/PlasticSCM/Configuration/TeamEdition/TeamEditionConfigurationWindow.cs'
Asset path could not be found for script compilation file '/Library/PackageCache/com.unity.collab-proxy/Editor/PlasticSCM/Configuration/ToolConfig.cs'
Asset path could not be found for script compilation file '/Library/PackageCache/com.unity.collab-proxy/Editor/PlasticSCM/Configuration/WriteLogConfiguration.cs'
Asset path could not be found for script compilation file '/Library/PackageCache/com.unity.collab-proxy/Editor/PlasticSCM/Developer/CheckinProgress.cs'
Asset path could not be found for script compilation file '/Library/PackageCache/com.unity.collab-proxy/Editor/PlasticSCM/Developer/GenericProgress.cs'
Asset path could not be found for script compilation file '/Library/PackageCache/com.unity.collab-proxy/Editor/PlasticSCM/Developer/IncomingChangesNotifier.cs'
Asset path could not be found for script compilation file '/Library/PackageCache/com.unity.collab-proxy/Editor/PlasticSCM/Developer/ProgressOperationHandler.cs'
Asset path could not be found for script compilation file '/Library/PackageCache/com.unity.collab-proxy/Editor/PlasticSCM/Developer/UpdateProgress.cs'
Asset path could not be found for script compilation file '/Library/PackageCache/com.unity.collab-proxy/Editor/PlasticSCM/Developer/UpdateReport/UpdateReportDialog.cs'
Asset path could not be found for script compilation file '/Library/PackageCache/com.unity.collab-proxy/Editor/PlasticSCM/Developer/UpdateReport/UpdateReportLineListViewItem.cs'
Asset path could not be found for script compilation file '/Library/PackageCache/com.unity.collab-proxy/Editor/PlasticSCM/Developer/UpdateReport/UpdateReportListHeaderState.cs'
Asset path could not be found for script compilation file '/Library/PackageCache/com.unity.collab-proxy/Editor/PlasticSCM/Developer/UpdateReport/UpdateReportListView.cs'
Asset path could not be found for script compilation file '/Library/PackageCache/com.unity.collab-proxy/Editor/PlasticSCM/DrawGuiModeSwitcher.cs'
Asset path could not be found for script compilation file '/Library/PackageCache/com.unity.collab-proxy/Editor/PlasticSCM/EnumExtensions.cs'
Asset path could not be found for script compilation file '/Library/PackageCache/com.unity.collab-proxy/Editor/PlasticSCM/FindWorkspace.cs'
Asset path could not be found for script compilation file '/Library/PackageCache/com.unity.collab-proxy/Editor/PlasticSCM/GetRelativePath.cs'
Asset path could not be found for script compilation file '/Library/PackageCache/com.unity.collab-proxy/Editor/PlasticSCM/Gluon/CheckinProgress.cs'
Asset path could not be found for script compilation file '/Library/PackageCache/com.unity.collab-proxy/Editor/PlasticSCM/Gluon/IncomingChangesNotifier.cs'
Asset path could not be found for script compilation file '/Library/PackageCache/com.unity.collab-proxy/Editor/PlasticSCM/Gluon/ProgressOperationHandler.cs'
Asset path could not be found for script compilation file '/Library/PackageCache/com.unity.collab-proxy/Editor/PlasticSCM/Gluon/UpdateProgress.cs'
Asset path could not be found for script compilation file '/Library/PackageCache/com.unity.collab-proxy/Editor/PlasticSCM/Gluon/UpdateReport/ErrorListViewItem.cs'
Asset path could not be found for script compilation file '/Library/PackageCache/com.unity.collab-proxy/Editor/PlasticSCM/Gluon/UpdateReport/UpdateReportDialog.cs'
Asset path could not be found for script compilation file '/Library/PackageCache/com.unity.collab-proxy/Editor/PlasticSCM/Gluon/UpdateReport/UpdateReportListHeaderState.cs'
Asset path could not be found for script compilation file '/Library/PackageCache/com.unity.collab-proxy/Editor/PlasticSCM/Gluon/UpdateReport/UpdateReportListView.cs'
Asset path could not be found for script compilation file '/Library/PackageCache/com.unity.collab-proxy/Editor/PlasticSCM/Help/BuildFormattedHelp.cs'
Asset path could not be found for script compilation file '/Library/PackageCache/com.unity.collab-proxy/Editor/PlasticSCM/Help/DrawHelpPanel.cs'
Asset path could not be found for script compilation file '/Library/PackageCache/com.unity.collab-proxy/Editor/PlasticSCM/Help/ExternalLink.cs'
Asset path could not be found for script compilation file '/Library/PackageCache/com.unity.collab-proxy/Editor/PlasticSCM/Help/HelpData.cs'
Asset path could not be found for script compilation file '/Library/PackageCache/com.unity.collab-proxy/Editor/PlasticSCM/Help/HelpFormat.cs'
Asset path could not be found for script compilation file '/Library/PackageCache/com.unity.collab-proxy/Editor/PlasticSCM/Help/HelpLink.cs'
Asset path could not be found for script compilation file '/Library/PackageCache/com.unity.collab-proxy/Editor/PlasticSCM/Help/HelpLinkData.cs'
Asset path could not be found for script compilation file '/Library/PackageCache/com.unity.collab-proxy/Editor/PlasticSCM/Help/HelpPanel.cs'
Asset path could not be found for script compilation file '/Library/PackageCache/com.unity.collab-proxy/Editor/PlasticSCM/Help/TestingHelpData.cs'
Asset path could not be found for script compilation file '/Library/PackageCache/com.unity.collab-proxy/Editor/PlasticSCM/Hub/CommandLineArguments.cs'
Asset path could not be found for script compilation file '/Library/PackageCache/com.unity.collab-proxy/Editor/PlasticSCM/Hub/Operations/CreateWorkspace.cs'
Asset path could not be found for script compilation file '/Library/PackageCache/com.unity.collab-proxy/Editor/PlasticSCM/Hub/Operations/DownloadRepository.cs'
Asset path could not be found for script compilation file '/Library/PackageCache/com.unity.collab-proxy/Editor/PlasticSCM/Hub/Operations/OperationParams.cs'
Asset path could not be found for script compilation file '/Library/PackageCache/com.unity.collab-proxy/Editor/PlasticSCM/Hub/ParseArguments.cs'
Asset path could not be found for script compilation file '/Library/PackageCache/com.unity.collab-proxy/Editor/PlasticSCM/Hub/ProcessCommand.cs'
Asset path could not be found for script compilation file '/Library/PackageCache/com.unity.collab-proxy/Editor/PlasticSCM/Inspector/DrawInspectorOperations.cs'
Asset path could not be found for script compilation file '/Library/PackageCache/com.unity.collab-proxy/Editor/PlasticSCM/Inspector/InspectorAssetSelection.cs'
Asset path could not be found for script compilation file '/Library/PackageCache/com.unity.collab-proxy/Editor/PlasticSCM/MetaPath.cs'
Asset path could not be found for script compilation file '/Library/PackageCache/com.unity.collab-proxy/Editor/PlasticSCM/NewIncomingChanges.cs'
Asset path could not be found for script compilation file '/Library/PackageCache/com.unity.collab-proxy/Editor/PlasticSCM/OrganizationsInformation.cs'
Asset path could not be found for script compilation file '/Library/PackageCache/com.unity.collab-proxy/Editor/PlasticSCM/ParentWindow.cs'
Asset path could not be found for script compilation file '/Library/PackageCache/com.unity.collab-proxy/Editor/PlasticSCM/PlasticApp.cs'
Asset path could not be found for script compilation file '/Library/PackageCache/com.unity.collab-proxy/Editor/PlasticSCM/PlasticConnectionMonitor.cs'
Asset path could not be found for script compilation file '/Library/PackageCache/com.unity.collab-proxy/Editor/PlasticSCM/PlasticMenuItem.cs'
Asset path could not be found for script compilation file '/Library/PackageCache/com.unity.collab-proxy/Editor/PlasticSCM/PlasticNotification.cs'
Asset path could not be found for script compilation file '/Library/PackageCache/com.unity.collab-proxy/Editor/PlasticSCM/PlasticPlugin.cs'
Asset path could not be found for script compilation file '/Library/PackageCache/com.unity.collab-proxy/Editor/PlasticSCM/PlasticPluginIsEnabledPreference.cs'
Asset path could not be found for script compilation file '/Library/PackageCache/com.unity.collab-proxy/Editor/PlasticSCM/PlasticProjectSettingsProvider.cs'
Asset path could not be found for script compilation file '/Library/PackageCache/com.unity.collab-proxy/Editor/PlasticSCM/PlasticShutdown.cs'
Asset path could not be found for script compilation file '/Library/PackageCache/com.unity.collab-proxy/Editor/PlasticSCM/PlasticWindow.cs'
Asset path could not be found for script compilation file '/Library/PackageCache/com.unity.collab-proxy/Editor/PlasticSCM/ProjectWindow.cs'
Asset path could not be found for script compilation file '/Library/PackageCache/com.unity.collab-proxy/Editor/PlasticSCM/QueryVisualElementsExtensions.cs'
Asset path could not be found for script compilation file '/Library/PackageCache/com.unity.collab-proxy/Editor/PlasticSCM/SceneView/DrawSceneOperations.cs'
Asset path could not be found for script compilation file '/Library/PackageCache/com.unity.collab-proxy/Editor/PlasticSCM/SwitchModeConfirmationDialog.cs'
Asset path could not be found for script compilation file '/Library/PackageCache/com.unity.collab-proxy/Editor/PlasticSCM/Tool/AuthToken.cs'
Asset path could not be found for script compilation file '/Library/PackageCache/com.unity.collab-proxy/Editor/PlasticSCM/Tool/BringWindowToFront.cs'
Asset path could not be found for script compilation file '/Library/PackageCache/com.unity.collab-proxy/Editor/PlasticSCM/Tool/FindTool.cs'
Asset path could not be found for script compilation file '/Library/PackageCache/com.unity.collab-proxy/Editor/PlasticSCM/Tool/IsExeAvailable.cs'
Asset path could not be found for script compilation file '/Library/PackageCache/com.unity.collab-proxy/Editor/PlasticSCM/Tool/LaunchInstaller.cs'
Asset path could not be found for script compilation file '/Library/PackageCache/com.unity.collab-proxy/Editor/PlasticSCM/Tool/LaunchTool.cs'
Asset path could not be found for script compilation file '/Library/PackageCache/com.unity.collab-proxy/Editor/PlasticSCM/Tool/ToolConstants.cs'
Asset path could not be found for script compilation file '/Library/PackageCache/com.unity.collab-proxy/Editor/PlasticSCM/UI/Avatar/ApplyCircleMask.cs'
Asset path could not be found for script compilation file '/Library/PackageCache/com.unity.collab-proxy/Editor/PlasticSCM/UI/Avatar/AvatarImages.cs'
Asset path could not be found for script compilation file '/Library/PackageCache/com.unity.collab-proxy/Editor/PlasticSCM/UI/Avatar/GetAvatar.cs'
Asset path could not be found for script compilation file '/Library/PackageCache/com.unity.collab-proxy/Editor/PlasticSCM/UI/BoolSetting.cs'
Asset path could not be found for script compilation file '/Library/PackageCache/com.unity.collab-proxy/Editor/PlasticSCM/UI/CloseWindowIfOpened.cs'
Asset path could not be found for script compilation file '/Library/PackageCache/com.unity.collab-proxy/Editor/PlasticSCM/UI/CooldownWindowDelayer.cs'
Asset path could not be found for script compilation file '/Library/PackageCache/com.unity.collab-proxy/Editor/PlasticSCM/UI/DockEditorWindow.cs'
Asset path could not be found for script compilation file '/Library/PackageCache/com.unity.collab-proxy/Editor/PlasticSCM/UI/DrawActionButton.cs'
Asset path could not be found for script compilation file '/Library/PackageCache/com.unity.collab-proxy/Editor/PlasticSCM/UI/DrawActionButtonWithMenu.cs'
Asset path could not be found for script compilation file '/Library/PackageCache/com.unity.collab-proxy/Editor/PlasticSCM/UI/DrawActionHelpBox.cs'
Asset path could not be found for script compilation file '/Library/PackageCache/com.unity.collab-proxy/Editor/PlasticSCM/UI/DrawActionToolbar.cs'
Asset path could not be found for script compilation file '/Library/PackageCache/com.unity.collab-proxy/Editor/PlasticSCM/UI/DrawSearchField.cs'
Asset path could not be found for script compilation file '/Library/PackageCache/com.unity.collab-proxy/Editor/PlasticSCM/UI/DrawSplitter.cs'
Asset path could not be found for script compilation file '/Library/PackageCache/com.unity.collab-proxy/Editor/PlasticSCM/UI/DrawTextBlockWithEndLink.cs'
Asset path could not be found for script compilation file '/Library/PackageCache/com.unity.collab-proxy/Editor/PlasticSCM/UI/DrawUserIcon.cs'
Asset path could not be found for script compilation file '/Library/PackageCache/com.unity.collab-proxy/Editor/PlasticSCM/UI/DropDownTextField.cs'
Asset path could not be found for script compilation file '/Library/PackageCache/com.unity.collab-proxy/Editor/PlasticSCM/UI/EditorDispatcher.cs'
Asset path could not be found for script compilation file '/Library/PackageCache/com.unity.collab-proxy/Editor/PlasticSCM/UI/EditorProgressBar.cs'
Asset path could not be found for script compilation file '/Library/PackageCache/com.unity.collab-proxy/Editor/PlasticSCM/UI/EditorProgressControls.cs'
Asset path could not be found for script compilation file '/Library/PackageCache/com.unity.collab-proxy/Editor/PlasticSCM/UI/EditorVersion.cs'
Asset path could not be found for script compilation file '/Library/PackageCache/com.unity.collab-proxy/Editor/PlasticSCM/UI/EditorWindowFocus.cs'
Asset path could not be found for script compilation file '/Library/PackageCache/com.unity.collab-proxy/Editor/PlasticSCM/UI/EnumPopupSetting.cs'
Asset path could not be found for script compilation file '/Library/PackageCache/com.unity.collab-proxy/Editor/PlasticSCM/UI/FindEditorWindow.cs'
Asset path could not be found for script compilation file '/Library/PackageCache/com.unity.collab-proxy/Editor/PlasticSCM/UI/GetPlasticShortcut.cs'
Asset path could not be found for script compilation file '/Library/PackageCache/com.unity.collab-proxy/Editor/PlasticSCM/UI/GUIActionRunner.cs'
Asset path could not be found for script compilation file '/Library/PackageCache/com.unity.collab-proxy/Editor/PlasticSCM/UI/GuiEnabled.cs'
Asset path could not be found for script compilation file '/Library/PackageCache/com.unity.collab-proxy/Editor/PlasticSCM/UI/HandleMenuItem.cs'
Asset path could not be found for script compilation file '/Library/PackageCache/com.unity.collab-proxy/Editor/PlasticSCM/UI/Images.cs'
Asset path could not be found for script compilation file '/Library/PackageCache/com.unity.collab-proxy/Editor/PlasticSCM/UI/MeasureMaxWidth.cs'
Asset path could not be found for script compilation file '/Library/PackageCache/com.unity.collab-proxy/Editor/PlasticSCM/UI/OverlayRect.cs'
Asset path could not be found for script compilation file '/Library/PackageCache/com.unity.collab-proxy/Editor/PlasticSCM/UI/PlasticDialog.cs'
Asset path could not be found for script compilation file '/Library/PackageCache/com.unity.collab-proxy/Editor/PlasticSCM/UI/PlasticSplitterGUILayout.cs'
Asset path could not be found for script compilation file '/Library/PackageCache/com.unity.collab-proxy/Editor/PlasticSCM/UI/Progress/DrawProgressForDialogs.cs'
Asset path could not be found for script compilation file '/Library/PackageCache/com.unity.collab-proxy/Editor/PlasticSCM/UI/Progress/DrawProgressForMigration.cs'
Asset path could not be found for script compilation file '/Library/PackageCache/com.unity.collab-proxy/Editor/PlasticSCM/UI/Progress/DrawProgressForOperations.cs'
Asset path could not be found for script compilation file '/Library/PackageCache/com.unity.collab-proxy/Editor/PlasticSCM/UI/Progress/DrawProgressForViews.cs'
Asset path could not be found for script compilation file '/Library/PackageCache/com.unity.collab-proxy/Editor/PlasticSCM/UI/Progress/OperationProgressData.cs'
Asset path could not be found for script compilation file '/Library/PackageCache/com.unity.collab-proxy/Editor/PlasticSCM/UI/Progress/ProgressControlsForDialogs.cs'
Asset path could not be found for script compilation file '/Library/PackageCache/com.unity.collab-proxy/Editor/PlasticSCM/UI/Progress/ProgressControlsForMigration.cs'
Asset path could not be found for script compilation file '/Library/PackageCache/com.unity.collab-proxy/Editor/PlasticSCM/UI/Progress/ProgressControlsForViews.cs'
Asset path could not be found for script compilation file '/Library/PackageCache/com.unity.collab-proxy/Editor/PlasticSCM/UI/RunModal.cs'
Asset path could not be found for script compilation file '/Library/PackageCache/com.unity.collab-proxy/Editor/PlasticSCM/UI/ScreenResolution.cs'
Asset path could not be found for script compilation file '/Library/PackageCache/com.unity.collab-proxy/Editor/PlasticSCM/UI/ShowWindow.cs'
Asset path could not be found for script compilation file '/Library/PackageCache/com.unity.collab-proxy/Editor/PlasticSCM/UI/SortOrderComparer.cs'
Asset path could not be found for script compilation file '/Library/PackageCache/com.unity.collab-proxy/Editor/PlasticSCM/UI/StatusBar/IncomingChangesNotification.cs'
Asset path could not be found for script compilation file '/Library/PackageCache/com.unity.collab-proxy/Editor/PlasticSCM/UI/StatusBar/NotificationBar.cs'
Asset path could not be found for script compilation file '/Library/PackageCache/com.unity.collab-proxy/Editor/PlasticSCM/UI/StatusBar/StatusBar.cs'
Asset path could not be found for script compilation file '/Library/PackageCache/com.unity.collab-proxy/Editor/PlasticSCM/UI/TabButton.cs'
Asset path could not be found for script compilation file '/Library/PackageCache/com.unity.collab-proxy/Editor/PlasticSCM/UI/Tree/DrawTreeViewEmptyState.cs'
Asset path could not be found for script compilation file '/Library/PackageCache/com.unity.collab-proxy/Editor/PlasticSCM/UI/Tree/DrawTreeViewItem.cs'
Asset path could not be found for script compilation file '/Library/PackageCache/com.unity.collab-proxy/Editor/PlasticSCM/UI/Tree/GetChangesOverlayIcon.cs'
Asset path could not be found for script compilation file '/Library/PackageCache/com.unity.collab-proxy/Editor/PlasticSCM/UI/Tree/ListViewItemIds.cs'
Asset path could not be found for script compilation file '/Library/PackageCache/com.unity.collab-proxy/Editor/PlasticSCM/UI/Tree/TableViewOperations.cs'
Asset path could not be found for script compilation file '/Library/PackageCache/com.unity.collab-proxy/Editor/PlasticSCM/UI/Tree/TreeHeaderColumns.cs'
Asset path could not be found for script compilation file '/Library/PackageCache/com.unity.collab-proxy/Editor/PlasticSCM/UI/Tree/TreeHeaderSettings.cs'
Asset path could not be found for script compilation file '/Library/PackageCache/com.unity.collab-proxy/Editor/PlasticSCM/UI/Tree/TreeViewItemIds.cs'
Asset path could not be found for script compilation file '/Library/PackageCache/com.unity.collab-proxy/Editor/PlasticSCM/UI/UIElements/LoadingSpinner.cs'
Asset path could not be found for script compilation file '/Library/PackageCache/com.unity.collab-proxy/Editor/PlasticSCM/UI/UIElements/ProgressControlsForDialogs.cs'
Asset path could not be found for script compilation file '/Library/PackageCache/com.unity.collab-proxy/Editor/PlasticSCM/UI/UIElements/UIElementsExtensions.cs'
Asset path could not be found for script compilation file '/Library/PackageCache/com.unity.collab-proxy/Editor/PlasticSCM/UI/UnityConstants.cs'
Asset path could not be found for script compilation file '/Library/PackageCache/com.unity.collab-proxy/Editor/PlasticSCM/UI/UnityEvents.cs'
Asset path could not be found for script compilation file '/Library/PackageCache/com.unity.collab-proxy/Editor/PlasticSCM/UI/UnityMenuItem.cs'
Asset path could not be found for script compilation file '/Library/PackageCache/com.unity.collab-proxy/Editor/PlasticSCM/UI/UnityPlasticGuiMessage.cs'
Asset path could not be found for script compilation file '/Library/PackageCache/com.unity.collab-proxy/Editor/PlasticSCM/UI/UnityPlasticTimer.cs'
Asset path could not be found for script compilation file '/Library/PackageCache/com.unity.collab-proxy/Editor/PlasticSCM/UI/UnityStyles.cs'
Asset path could not be found for script compilation file '/Library/PackageCache/com.unity.collab-proxy/Editor/PlasticSCM/UI/UnityThreadWaiter.cs'
Asset path could not be found for script compilation file '/Library/PackageCache/com.unity.collab-proxy/Editor/PlasticSCM/UnityConfigurationChecker.cs'
Asset path could not be found for script compilation file '/Library/PackageCache/com.unity.collab-proxy/Editor/PlasticSCM/UVCPackageVersion.cs'
Asset path could not be found for script compilation file '/Library/PackageCache/com.unity.collab-proxy/Editor/PlasticSCM/VCSPlugin.cs'
Asset path could not be found for script compilation file '/Library/PackageCache/com.unity.collab-proxy/Editor/PlasticSCM/Views/Branch/BranchesListHeaderState.cs'
Asset path could not be found for script compilation file '/Library/PackageCache/com.unity.collab-proxy/Editor/PlasticSCM/Views/Branch/BranchesListView.cs'
Asset path could not be found for script compilation file '/Library/PackageCache/com.unity.collab-proxy/Editor/PlasticSCM/Views/Branch/BranchesSelection.cs'
Asset path could not be found for script compilation file '/Library/PackageCache/com.unity.collab-proxy/Editor/PlasticSCM/Views/Branch/BranchesTab.cs'
Asset path could not be found for script compilation file '/Library/PackageCache/com.unity.collab-proxy/Editor/PlasticSCM/Views/Branch/BranchesViewMenu.cs'
Asset path could not be found for script compilation file '/Library/PackageCache/com.unity.collab-proxy/Editor/PlasticSCM/Views/Branch/BranchListViewItem.cs'
Asset path could not be found for script compilation file '/Library/PackageCache/com.unity.collab-proxy/Editor/PlasticSCM/Views/Branch/Dialogs/CreateBranchDialog.cs'
Asset path could not be found for script compilation file '/Library/PackageCache/com.unity.collab-proxy/Editor/PlasticSCM/Views/Branch/Dialogs/DeleteBranchDialog.cs'
Asset path could not be found for script compilation file '/Library/PackageCache/com.unity.collab-proxy/Editor/PlasticSCM/Views/Branch/Dialogs/RenameBranchDialog.cs'
Asset path could not be found for script compilation file '/Library/PackageCache/com.unity.collab-proxy/Editor/PlasticSCM/Views/Changesets/ChangesetListViewItem.cs'
Asset path could not be found for script compilation file '/Library/PackageCache/com.unity.collab-proxy/Editor/PlasticSCM/Views/Changesets/ChangesetsListHeaderState.cs'
Asset path could not be found for script compilation file '/Library/PackageCache/com.unity.collab-proxy/Editor/PlasticSCM/Views/Changesets/ChangesetsListView.cs'
Asset path could not be found for script compilation file '/Library/PackageCache/com.unity.collab-proxy/Editor/PlasticSCM/Views/Changesets/ChangesetsSelection.cs'
Asset path could not be found for script compilation file '/Library/PackageCache/com.unity.collab-proxy/Editor/PlasticSCM/Views/Changesets/ChangesetsTab.cs'
Asset path could not be found for script compilation file '/Library/PackageCache/com.unity.collab-proxy/Editor/PlasticSCM/Views/Changesets/ChangesetsTab_Operations.cs'
Asset path could not be found for script compilation file '/Library/PackageCache/com.unity.collab-proxy/Editor/PlasticSCM/Views/Changesets/ChangesetsViewMenu.cs'
Asset path could not be found for script compilation file '/Library/PackageCache/com.unity.collab-proxy/Editor/PlasticSCM/Views/Changesets/DateFilter.cs'
Asset path could not be found for script compilation file '/Library/PackageCache/com.unity.collab-proxy/Editor/PlasticSCM/Views/Changesets/LaunchDiffOperations.cs'
Asset path could not be found for script compilation file '/Library/PackageCache/com.unity.collab-proxy/Editor/PlasticSCM/Views/ConfirmContinueWithPendingChangesDialog.cs'
Asset path could not be found for script compilation file '/Library/PackageCache/com.unity.collab-proxy/Editor/PlasticSCM/Views/CreateWorkspace/CreateWorkspaceView.cs'
Asset path could not be found for script compilation file '/Library/PackageCache/com.unity.collab-proxy/Editor/PlasticSCM/Views/CreateWorkspace/CreateWorkspaceViewState.cs'
Asset path could not be found for script compilation file '/Library/PackageCache/com.unity.collab-proxy/Editor/PlasticSCM/Views/CreateWorkspace/Dialogs/CreateRepositoryDialog.cs'
Asset path could not be found for script compilation file '/Library/PackageCache/com.unity.collab-proxy/Editor/PlasticSCM/Views/CreateWorkspace/Dialogs/RepositoriesListHeaderState.cs'
Asset path could not be found for script compilation file '/Library/PackageCache/com.unity.collab-proxy/Editor/PlasticSCM/Views/CreateWorkspace/Dialogs/RepositoriesListView.cs'
Asset path could not be found for script compilation file '/Library/PackageCache/com.unity.collab-proxy/Editor/PlasticSCM/Views/CreateWorkspace/Dialogs/RepositoryExplorerDialog.cs'
Asset path could not be found for script compilation file '/Library/PackageCache/com.unity.collab-proxy/Editor/PlasticSCM/Views/CreateWorkspace/Dialogs/RepositoryListViewItem.cs'
Asset path could not be found for script compilation file '/Library/PackageCache/com.unity.collab-proxy/Editor/PlasticSCM/Views/CreateWorkspace/DrawCreateWorkspaceView.cs'
Asset path could not be found for script compilation file '/Library/PackageCache/com.unity.collab-proxy/Editor/PlasticSCM/Views/CreateWorkspace/PerformInitialCheckin.cs'
Asset path could not be found for script compilation file '/Library/PackageCache/com.unity.collab-proxy/Editor/PlasticSCM/Views/CreateWorkspace/ValidRepositoryName.cs'
Asset path could not be found for script compilation file '/Library/PackageCache/com.unity.collab-proxy/Editor/PlasticSCM/Views/Diff/ChangeCategoryTreeViewItem.cs'
Asset path could not be found for script compilation file '/Library/PackageCache/com.unity.collab-proxy/Editor/PlasticSCM/Views/Diff/ClientDiffTreeViewItem.cs'
Asset path could not be found for script compilation file '/Library/PackageCache/com.unity.collab-proxy/Editor/PlasticSCM/Views/Diff/Dialogs/GetRestorePathDialog.cs'
Asset path could not be found for script compilation file '/Library/PackageCache/com.unity.collab-proxy/Editor/PlasticSCM/Views/Diff/DiffPanel.cs'
Asset path could not be found for script compilation file '/Library/PackageCache/com.unity.collab-proxy/Editor/PlasticSCM/Views/Diff/DiffSelection.cs'
Asset path could not be found for script compilation file '/Library/PackageCache/com.unity.collab-proxy/Editor/PlasticSCM/Views/Diff/DiffTreeView.cs'
Asset path could not be found for script compilation file '/Library/PackageCache/com.unity.collab-proxy/Editor/PlasticSCM/Views/Diff/DiffTreeViewMenu.cs'
Asset path could not be found for script compilation file '/Library/PackageCache/com.unity.collab-proxy/Editor/PlasticSCM/Views/Diff/GetClientDiffInfos.cs'
Asset path could not be found for script compilation file '/Library/PackageCache/com.unity.collab-proxy/Editor/PlasticSCM/Views/Diff/MergeCategoryTreeViewItem.cs'
Asset path could not be found for script compilation file '/Library/PackageCache/com.unity.collab-proxy/Editor/PlasticSCM/Views/Diff/UnityDiffTree.cs'
Asset path could not be found for script compilation file '/Library/PackageCache/com.unity.collab-proxy/Editor/PlasticSCM/Views/DownloadPlasticExeDialog.cs'
Asset path could not be found for script compilation file '/Library/PackageCache/com.unity.collab-proxy/Editor/PlasticSCM/Views/FileSystemOperation.cs'
Asset path could not be found for script compilation file '/Library/PackageCache/com.unity.collab-proxy/Editor/PlasticSCM/Views/History/HistoryListHeaderState.cs'
Asset path could not be found for script compilation file '/Library/PackageCache/com.unity.collab-proxy/Editor/PlasticSCM/Views/History/HistoryListView.cs'
Asset path could not be found for script compilation file '/Library/PackageCache/com.unity.collab-proxy/Editor/PlasticSCM/Views/History/HistoryListViewItem.cs'
Asset path could not be found for script compilation file '/Library/PackageCache/com.unity.collab-proxy/Editor/PlasticSCM/Views/History/HistoryListViewMenu.cs'
Asset path could not be found for script compilation file '/Library/PackageCache/com.unity.collab-proxy/Editor/PlasticSCM/Views/History/HistorySelection.cs'
Asset path could not be found for script compilation file '/Library/PackageCache/com.unity.collab-proxy/Editor/PlasticSCM/Views/History/HistoryTab.cs'
Asset path could not be found for script compilation file '/Library/PackageCache/com.unity.collab-proxy/Editor/PlasticSCM/Views/History/SaveAction.cs'
Asset path could not be found for script compilation file '/Library/PackageCache/com.unity.collab-proxy/Editor/PlasticSCM/Views/IncomingChanges/Developer/ChangeCategoryTreeViewItem.cs'
Asset path could not be found for script compilation file '/Library/PackageCache/com.unity.collab-proxy/Editor/PlasticSCM/Views/IncomingChanges/Developer/ChangeTreeViewItem.cs'
Asset path could not be found for script compilation file '/Library/PackageCache/com.unity.collab-proxy/Editor/PlasticSCM/Views/IncomingChanges/Developer/DirectoryConflicts/ConflictResolutionState.cs'
Asset path could not be found for script compilation file '/Library/PackageCache/com.unity.collab-proxy/Editor/PlasticSCM/Views/IncomingChanges/Developer/DirectoryConflicts/DrawDirectoryResolutionPanel.cs'
Asset path could not be found for script compilation file '/Library/PackageCache/com.unity.collab-proxy/Editor/PlasticSCM/Views/IncomingChanges/Developer/IncomingChangesSelection.cs'
Asset path could not be found for script compilation file '/Library/PackageCache/com.unity.collab-proxy/Editor/PlasticSCM/Views/IncomingChanges/Developer/IncomingChangesTab.cs'
Asset path could not be found for script compilation file '/Library/PackageCache/com.unity.collab-proxy/Editor/PlasticSCM/Views/IncomingChanges/Developer/IncomingChangesTreeHeaderState.cs'
Asset path could not be found for script compilation file '/Library/PackageCache/com.unity.collab-proxy/Editor/PlasticSCM/Views/IncomingChanges/Developer/IncomingChangesTreeView.cs'
Asset path could not be found for script compilation file '/Library/PackageCache/com.unity.collab-proxy/Editor/PlasticSCM/Views/IncomingChanges/Developer/IncomingChangesViewMenu.cs'
Asset path could not be found for script compilation file '/Library/PackageCache/com.unity.collab-proxy/Editor/PlasticSCM/Views/IncomingChanges/Developer/IsCurrent.cs'
Asset path could not be found for script compilation file '/Library/PackageCache/com.unity.collab-proxy/Editor/PlasticSCM/Views/IncomingChanges/Developer/IsResolved.cs'
Asset path could not be found for script compilation file '/Library/PackageCache/com.unity.collab-proxy/Editor/PlasticSCM/Views/IncomingChanges/Developer/UnityIncomingChangesTree.cs'
Asset path could not be found for script compilation file '/Library/PackageCache/com.unity.collab-proxy/Editor/PlasticSCM/Views/IncomingChanges/DrawIncomingChangesOverview.cs'
Asset path could not be found for script compilation file '/Library/PackageCache/com.unity.collab-proxy/Editor/PlasticSCM/Views/IncomingChanges/Gluon/ChangeCategoryTreeViewItem.cs'
Asset path could not be found for script compilation file '/Library/PackageCache/com.unity.collab-proxy/Editor/PlasticSCM/Views/IncomingChanges/Gluon/ChangeTreeViewItem.cs'
Asset path could not be found for script compilation file '/Library/PackageCache/com.unity.collab-proxy/Editor/PlasticSCM/Views/IncomingChanges/Gluon/Errors/ErrorListViewItem.cs'
Asset path could not be found for script compilation file '/Library/PackageCache/com.unity.collab-proxy/Editor/PlasticSCM/Views/IncomingChanges/Gluon/Errors/ErrorsListHeaderState.cs'
Asset path could not be found for script compilation file '/Library/PackageCache/com.unity.collab-proxy/Editor/PlasticSCM/Views/IncomingChanges/Gluon/Errors/ErrorsListView.cs'
Asset path could not be found for script compilation file '/Library/PackageCache/com.unity.collab-proxy/Editor/PlasticSCM/Views/IncomingChanges/Gluon/IncomingChangesSelection.cs'
Asset path could not be found for script compilation file '/Library/PackageCache/com.unity.collab-proxy/Editor/PlasticSCM/Views/IncomingChanges/Gluon/IncomingChangesTab.cs'
Asset path could not be found for script compilation file '/Library/PackageCache/com.unity.collab-proxy/Editor/PlasticSCM/Views/IncomingChanges/Gluon/IncomingChangesTreeHeaderState.cs'
Asset path could not be found for script compilation file '/Library/PackageCache/com.unity.collab-proxy/Editor/PlasticSCM/Views/IncomingChanges/Gluon/IncomingChangesTreeView.cs'
Asset path could not be found for script compilation file '/Library/PackageCache/com.unity.collab-proxy/Editor/PlasticSCM/Views/IncomingChanges/Gluon/IncomingChangesViewMenu.cs'
Asset path could not be found for script compilation file '/Library/PackageCache/com.unity.collab-proxy/Editor/PlasticSCM/Views/IncomingChanges/Gluon/UnityIncomingChangesTree.cs'
Asset path could not be found for script compilation file '/Library/PackageCache/com.unity.collab-proxy/Editor/PlasticSCM/Views/IncomingChanges/IIncomingChangesTab.cs'
Asset path could not be found for script compilation file '/Library/PackageCache/com.unity.collab-proxy/Editor/PlasticSCM/Views/Locks/DrawLocksListViewItem.cs'
Asset path could not be found for script compilation file '/Library/PackageCache/com.unity.collab-proxy/Editor/PlasticSCM/Views/Locks/LocksListHeaderState.cs'
Asset path could not be found for script compilation file '/Library/PackageCache/com.unity.collab-proxy/Editor/PlasticSCM/Views/Locks/LocksListView.cs'
Asset path could not be found for script compilation file '/Library/PackageCache/com.unity.collab-proxy/Editor/PlasticSCM/Views/Locks/LocksListViewItem.cs'
Asset path could not be found for script compilation file '/Library/PackageCache/com.unity.collab-proxy/Editor/PlasticSCM/Views/Locks/LocksSelector.cs'
Asset path could not be found for script compilation file '/Library/PackageCache/com.unity.collab-proxy/Editor/PlasticSCM/Views/Locks/LocksTab.cs'
Asset path could not be found for script compilation file '/Library/PackageCache/com.unity.collab-proxy/Editor/PlasticSCM/Views/Locks/LocksViewMenu.cs'
Asset path could not be found for script compilation file '/Library/PackageCache/com.unity.collab-proxy/Editor/PlasticSCM/Views/PendingChanges/ChangeCategoryTreeViewItem.cs'
Asset path could not be found for script compilation file '/Library/PackageCache/com.unity.collab-proxy/Editor/PlasticSCM/Views/PendingChanges/Changelists/ChangelistMenu.cs'
Asset path could not be found for script compilation file '/Library/PackageCache/com.unity.collab-proxy/Editor/PlasticSCM/Views/PendingChanges/Changelists/MoveToChangelistMenuBuilder.cs'
Asset path could not be found for script compilation file '/Library/PackageCache/com.unity.collab-proxy/Editor/PlasticSCM/Views/PendingChanges/ChangelistTreeViewItem.cs'
Asset path could not be found for script compilation file '/Library/PackageCache/com.unity.collab-proxy/Editor/PlasticSCM/Views/PendingChanges/ChangeTreeViewItem.cs'
Asset path could not be found for script compilation file '/Library/PackageCache/com.unity.collab-proxy/Editor/PlasticSCM/Views/PendingChanges/Dialogs/CheckinConflictsDialog.cs'
Asset path could not be found for script compilation file '/Library/PackageCache/com.unity.collab-proxy/Editor/PlasticSCM/Views/PendingChanges/Dialogs/CreateChangelistDialog.cs'
Asset path could not be found for script compilation file '/Library/PackageCache/com.unity.collab-proxy/Editor/PlasticSCM/Views/PendingChanges/Dialogs/DependenciesDialog.cs'
Asset path could not be found for script compilation file '/Library/PackageCache/com.unity.collab-proxy/Editor/PlasticSCM/Views/PendingChanges/Dialogs/EmptyCheckinMessageDialog.cs'
Asset path could not be found for script compilation file '/Library/PackageCache/com.unity.collab-proxy/Editor/PlasticSCM/Views/PendingChanges/Dialogs/FilterRulesConfirmationDialog.cs'
Asset path could not be found for script compilation file '/Library/PackageCache/com.unity.collab-proxy/Editor/PlasticSCM/Views/PendingChanges/Dialogs/LaunchCheckinConflictsDialog.cs'
Asset path could not be found for script compilation file '/Library/PackageCache/com.unity.collab-proxy/Editor/PlasticSCM/Views/PendingChanges/Dialogs/LaunchDependenciesDialog.cs'
Asset path could not be found for script compilation file '/Library/PackageCache/com.unity.collab-proxy/Editor/PlasticSCM/Views/PendingChanges/DrawCommentTextArea.cs'
Asset path could not be found for script compilation file '/Library/PackageCache/com.unity.collab-proxy/Editor/PlasticSCM/Views/PendingChanges/FilesFilterPatternsMenuBuilder.cs'
Asset path could not be found for script compilation file '/Library/PackageCache/com.unity.collab-proxy/Editor/PlasticSCM/Views/PendingChanges/PendingChangesMultiColumnHeader.cs'
Asset path could not be found for script compilation file '/Library/PackageCache/com.unity.collab-proxy/Editor/PlasticSCM/Views/PendingChanges/PendingChangesSelection.cs'
Asset path could not be found for script compilation file '/Library/PackageCache/com.unity.collab-proxy/Editor/PlasticSCM/Views/PendingChanges/PendingChangesTab.cs'
Asset path could not be found for script compilation file '/Library/PackageCache/com.unity.collab-proxy/Editor/PlasticSCM/Views/PendingChanges/PendingChangesTab_Operations.cs'
Asset path could not be found for script compilation file '/Library/PackageCache/com.unity.collab-proxy/Editor/PlasticSCM/Views/PendingChanges/PendingChangesTreeHeaderState.cs'
Asset path could not be found for script compilation file '/Library/PackageCache/com.unity.collab-proxy/Editor/PlasticSCM/Views/PendingChanges/PendingChangesTreeView.cs'
Asset path could not be found for script compilation file '/Library/PackageCache/com.unity.collab-proxy/Editor/PlasticSCM/Views/PendingChanges/PendingChangesViewMenu.cs'
Asset path could not be found for script compilation file '/Library/PackageCache/com.unity.collab-proxy/Editor/PlasticSCM/Views/PendingChanges/PendingChangesViewPendingChangeMenu.cs'
Asset path could not be found for script compilation file '/Library/PackageCache/com.unity.collab-proxy/Editor/PlasticSCM/Views/PendingChanges/PendingMergeLinks/MergeLinkListViewItem.cs'
Asset path could not be found for script compilation file '/Library/PackageCache/com.unity.collab-proxy/Editor/PlasticSCM/Views/PendingChanges/PendingMergeLinks/MergeLinksListView.cs'
Asset path could not be found for script compilation file '/Library/PackageCache/com.unity.collab-proxy/Editor/PlasticSCM/Views/PendingChanges/UnityPendingChangesTree.cs'
Asset path could not be found for script compilation file '/Library/PackageCache/com.unity.collab-proxy/Editor/PlasticSCM/Views/Welcome/DownloadAndInstallOperation.cs'
Asset path could not be found for script compilation file '/Library/PackageCache/com.unity.collab-proxy/Editor/PlasticSCM/Views/Welcome/GetInstallerTmpFileName.cs'
Asset path could not be found for script compilation file '/Library/PackageCache/com.unity.collab-proxy/Editor/PlasticSCM/Views/Welcome/MacOSConfigWorkaround.cs'
Asset path could not be found for script compilation file '/Library/PackageCache/com.unity.collab-proxy/Editor/PlasticSCM/Views/Welcome/WelcomeView.cs'
Asset path could not be found for script compilation file '/Library/PackageCache/com.unity.collab-proxy/Editor/PlasticSCM/ViewSwitcher.cs'
Asset path could not be found for script compilation file '/Library/PackageCache/com.unity.collab-proxy/Editor/PlasticSCM/VisualElementExtensions.cs'
Asset path could not be found for script compilation file '/Library/PackageCache/com.unity.collab-proxy/Editor/PlasticSCM/WebApi/ChangesetFromCollabCommitResponse.cs'
Asset path could not be found for script compilation file '/Library/PackageCache/com.unity.collab-proxy/Editor/PlasticSCM/WebApi/CredentialsResponse.cs'
Asset path could not be found for script compilation file '/Library/PackageCache/com.unity.collab-proxy/Editor/PlasticSCM/WebApi/CurrentUserAdminCheckResponse.cs'
Asset path could not be found for script compilation file '/Library/PackageCache/com.unity.collab-proxy/Editor/PlasticSCM/WebApi/IsCollabProjectMigratedResponse.cs'
Asset path could not be found for script compilation file '/Library/PackageCache/com.unity.collab-proxy/Editor/PlasticSCM/WebApi/OrganizationCredentials.cs'
Asset path could not be found for script compilation file '/Library/PackageCache/com.unity.collab-proxy/Editor/PlasticSCM/WebApi/SubscriptionDetailsResponse.cs'
Asset path could not be found for script compilation file '/Library/PackageCache/com.unity.collab-proxy/Editor/PlasticSCM/WebApi/TokenExchangeResponse.cs'
Asset path could not be found for script compilation file '/Library/PackageCache/com.unity.collab-proxy/Editor/PlasticSCM/WebApi/WebRestApiClient.cs'
Asset path could not be found for script compilation file '/Library/PackageCache/com.unity.collab-proxy/Editor/PlasticSCM/WorkspaceWindow.cs'
Asset path could not be found for script compilation file '/Library/PackageCache/com.unity.collab-proxy/Editor/PlasticSCM/Toolbar/ToolbarButton.cs'
Unloading broken assembly Library/ScriptAssemblies/Unity.PlasticSCM.Editor.dll, this assembly can cause crashes in the runtime
- Loaded All Assemblies, in  0.803 seconds
Refreshing native plugins compatible for Editor in 1.47 ms, found 3 plugins.
Native extension for Android target not found
Native extension for WindowsStandalone target not found
Mono: successfully reloaded assembly
- Finished resetting the current domain, in  2.748 seconds
Domain Reload Profiling: 3552ms
	BeginReloadAssembly (228ms)
		ExecutionOrderSort (0ms)
		DisableScriptedObjects (16ms)
		BackupInstance (0ms)
		ReleaseScriptingObjects (0ms)
		CreateAndSetChildDomain (37ms)
	RebuildCommonClasses (48ms)
	RebuildNativeTypeToScriptingClass (14ms)
	initialDomainReloadingComplete (37ms)
	LoadAllAssembliesAndSetupDomain (475ms)
		LoadAssemblies (321ms)
		RebuildTransferFunctionScriptingTraits (0ms)
		AnalyzeDomain (261ms)
			TypeCache.Refresh (199ms)
				TypeCache.ScanAssembly (179ms)
			BuildScriptInfoCaches (54ms)
			ResolveRequiredComponents (5ms)
	FinalizeReload (2749ms)
		ReleaseScriptCaches (0ms)
		RebuildScriptCaches (0ms)
		SetupLoadedEditorAssemblies (2536ms)
			LogAssemblyErrors (0ms)
			InitializePlatformSupportModulesInManaged (14ms)
			SetLoadedEditorAssemblies (4ms)
			BeforeProcessingInitializeOnLoad (110ms)
			ProcessInitializeOnLoadAttributes (2363ms)
			ProcessInitializeOnLoadMethodAttributes (42ms)
			AfterProcessingInitializeOnLoad (2ms)
			EditorAssembliesLoaded (0ms)
		ExecutionOrderSort2 (0ms)
		AwakeInstancesAfterBackupRestoration (6ms)
Launched and connected shader compiler UnityShaderCompiler.exe after 0.01 seconds
Refreshing native plugins compatible for Editor in 0.91 ms, found 3 plugins.
Preloading 0 native plugins for Editor in 0.00 ms.
Unloading 8 Unused Serialized files (Serialized files now loaded: 0)
Unloading 3667 unused Assets / (1.0 MB). Loaded Objects now: 4153.
Memory consumption went from 81.8 MB to 80.7 MB.
Total: 7.297600 ms (FindLiveObjects: 0.770200 ms CreateObjectMapping: 0.292800 ms MarkObjects: 4.859900 ms  DeleteObjects: 1.373100 ms)

========================================================================
Received Prepare
Begin MonoManager ReloadAssembly
- Loaded All Assemblies, in  0.751 seconds
Refreshing native plugins compatible for Editor in 0.76 ms, found 3 plugins.
Native extension for Android target not found
Native extension for WindowsStandalone target not found
Mono: successfully reloaded assembly
- Finished resetting the current domain, in  0.885 seconds
Domain Reload Profiling: 1638ms
	BeginReloadAssembly (223ms)
		ExecutionOrderSort (0ms)
		DisableScriptedObjects (6ms)
		BackupInstance (0ms)
		ReleaseScriptingObjects (0ms)
		CreateAndSetChildDomain (59ms)
	RebuildCommonClasses (46ms)
	RebuildNativeTypeToScriptingClass (18ms)
	initialDomainReloadingComplete (28ms)
	LoadAllAssembliesAndSetupDomain (438ms)
		LoadAssemblies (311ms)
		RebuildTransferFunctionScriptingTraits (0ms)
		AnalyzeDomain (238ms)
			TypeCache.Refresh (86ms)
				TypeCache.ScanAssembly (74ms)
			BuildScriptInfoCaches (140ms)
			ResolveRequiredComponents (8ms)
	FinalizeReload (885ms)
		ReleaseScriptCaches (0ms)
		RebuildScriptCaches (0ms)
		SetupLoadedEditorAssemblies (703ms)
			LogAssemblyErrors (0ms)
			InitializePlatformSupportModulesInManaged (20ms)
			SetLoadedEditorAssemblies (5ms)
			BeforeProcessingInitializeOnLoad (162ms)
			ProcessInitializeOnLoadAttributes (482ms)
			ProcessInitializeOnLoadMethodAttributes (32ms)
			AfterProcessingInitializeOnLoad (2ms)
			EditorAssembliesLoaded (0ms)
		ExecutionOrderSort2 (0ms)
		AwakeInstancesAfterBackupRestoration (7ms)
Refreshing native plugins compatible for Editor in 1.11 ms, found 3 plugins.
Preloading 0 native plugins for Editor in 0.00 ms.
Unloading 1 Unused Serialized files (Serialized files now loaded: 0)
Unloading 3665 unused Assets / (1.0 MB). Loaded Objects now: 4154.
Memory consumption went from 81.2 MB to 80.2 MB.
Total: 8.150600 ms (FindLiveObjects: 0.380400 ms CreateObjectMapping: 0.466800 ms MarkObjects: 5.945000 ms  DeleteObjects: 1.356700 ms)

Prepare: number of updated asset objects reloaded= 0
